{"C:\\Users\\Fabíola\\Desktop\\TrabPI\\controllers\\calculadora.js":{"path":"C:\\Users\\Fabíola\\Desktop\\TrabPI\\controllers\\calculadora.js","s":{"1":1,"2":1,"3":2,"4":2,"5":2,"6":2,"7":2,"8":3,"9":3,"10":3,"11":3,"12":5,"13":2,"14":5,"15":5,"16":1,"17":1,"18":1,"19":1,"20":1,"21":1,"22":1,"23":1,"24":1,"25":1,"26":1,"27":1,"28":1,"29":1,"30":1,"31":1,"32":1,"33":1,"34":1,"35":1,"36":1,"37":1,"38":1,"39":1,"40":1,"41":1,"42":1,"43":1,"44":1,"45":1,"46":1,"47":1,"48":1,"49":1,"50":1,"51":1,"52":1,"53":1,"54":1,"55":1,"56":1,"57":1,"58":1,"59":1,"60":1,"61":1,"62":1,"63":1,"64":1,"65":1,"66":1,"67":1,"68":1,"69":1,"70":1,"71":1,"72":1,"73":1,"74":1,"75":1,"76":1,"77":1,"78":1,"79":1,"80":1,"81":1,"82":1,"83":1,"84":1,"85":1,"86":1,"87":1,"88":1,"89":1,"90":1,"91":1,"92":1,"93":1,"94":1,"95":1,"96":1,"97":1,"98":1,"99":1,"100":1,"101":1,"102":1,"103":1,"104":1,"105":1,"106":1,"107":1,"108":1,"109":1,"110":1,"111":1,"112":1,"113":1,"114":1,"115":1,"116":1,"117":1,"118":1,"119":1,"120":1,"121":1,"122":1,"123":1,"124":1,"125":1,"126":1,"127":1,"128":1,"129":1,"130":1,"131":1,"132":1,"133":1,"134":1,"135":1,"136":1,"137":1,"138":1,"139":1,"140":1,"141":1,"142":1,"143":1,"144":1,"145":1,"146":1,"147":1,"148":1,"149":1,"150":1,"151":1,"152":1,"153":1,"154":1,"155":1,"156":1,"157":1,"158":1,"159":1,"160":1,"161":1,"162":1,"163":1,"164":1,"165":1,"166":1,"167":1,"168":1,"169":1,"170":1,"171":1,"172":1,"173":1,"174":1,"175":1,"176":1,"177":1,"178":1,"179":1,"180":1,"181":1,"182":1,"183":1,"184":1,"185":1,"186":1,"187":1,"188":1,"189":1,"190":1,"191":1,"192":1,"193":1,"194":1,"195":1,"196":1,"197":1,"198":1,"199":1,"200":1,"201":1,"202":1,"203":1,"204":1,"205":1,"206":1,"207":1,"208":1,"209":1,"210":1,"211":1,"212":1,"213":1,"214":1,"215":1,"216":1,"217":1,"218":1,"219":1,"220":0,"221":0,"222":0,"223":0,"224":0,"225":0,"226":0,"227":0,"228":0,"229":0,"230":0,"231":0,"232":0,"233":0,"234":0,"235":0,"236":1},"b":{"1":[0,0],"2":[0,0]},"f":{"1":1,"2":2,"3":3,"4":5,"5":2,"6":5,"7":5,"8":1,"9":1,"10":1,"11":1,"12":1,"13":1,"14":1,"15":1,"16":0,"17":0,"18":0,"19":0,"20":0,"21":0,"22":0,"23":0},"fnMap":{"1":{"name":"(anonymous_1)","line":1,"loc":{"start":{"line":1,"column":17},"end":{"line":1,"column":28}}},"2":{"name":"(anonymous_2)","line":4,"loc":{"start":{"line":4,"column":30},"end":{"line":4,"column":51}}},"3":{"name":"(anonymous_3)","line":17,"loc":{"start":{"line":17,"column":26},"end":{"line":17,"column":48}}},"4":{"name":"(anonymous_4)","line":26,"loc":{"start":{"line":26,"column":23},"end":{"line":26,"column":51}}},"5":{"name":"(anonymous_5)","line":30,"loc":{"start":{"line":30,"column":26},"end":{"line":30,"column":54}}},"6":{"name":"(anonymous_6)","line":34,"loc":{"start":{"line":34,"column":29},"end":{"line":34,"column":57}}},"7":{"name":"(anonymous_7)","line":38,"loc":{"start":{"line":38,"column":25},"end":{"line":38,"column":53}}},"8":{"name":"(anonymous_8)","line":41,"loc":{"start":{"line":41,"column":29},"end":{"line":41,"column":57}}},"9":{"name":"(anonymous_9)","line":50,"loc":{"start":{"line":50,"column":31},"end":{"line":50,"column":85}}},"10":{"name":"(anonymous_10)","line":63,"loc":{"start":{"line":63,"column":44},"end":{"line":63,"column":62}}},"11":{"name":"(anonymous_11)","line":99,"loc":{"start":{"line":99,"column":44},"end":{"line":99,"column":62}}},"12":{"name":"(anonymous_12)","line":135,"loc":{"start":{"line":135,"column":44},"end":{"line":135,"column":62}}},"13":{"name":"(anonymous_13)","line":171,"loc":{"start":{"line":171,"column":44},"end":{"line":171,"column":62}}},"14":{"name":"(anonymous_14)","line":207,"loc":{"start":{"line":207,"column":44},"end":{"line":207,"column":62}}},"15":{"name":"(anonymous_15)","line":243,"loc":{"start":{"line":243,"column":44},"end":{"line":243,"column":62}}},"16":{"name":"(anonymous_16)","line":279,"loc":{"start":{"line":279,"column":33},"end":{"line":279,"column":54}}},"17":{"name":"(anonymous_17)","line":287,"loc":{"start":{"line":287,"column":35},"end":{"line":287,"column":51}}},"18":{"name":"(anonymous_18)","line":302,"loc":{"start":{"line":302,"column":23},"end":{"line":302,"column":52}}},"19":{"name":"(anonymous_19)","line":306,"loc":{"start":{"line":306,"column":23},"end":{"line":306,"column":52}}},"20":{"name":"(anonymous_20)","line":310,"loc":{"start":{"line":310,"column":26},"end":{"line":310,"column":55}}},"21":{"name":"(anonymous_21)","line":314,"loc":{"start":{"line":314,"column":29},"end":{"line":314,"column":58}}},"22":{"name":"(anonymous_22)","line":318,"loc":{"start":{"line":318,"column":25},"end":{"line":318,"column":54}}},"23":{"name":"(anonymous_23)","line":324,"loc":{"start":{"line":324,"column":26},"end":{"line":324,"column":55}}}},"statementMap":{"1":{"start":{"line":1,"column":0},"end":{"line":335,"column":2}},"2":{"start":{"line":2,"column":1},"end":{"line":333,"column":6}},"3":{"start":{"line":5,"column":16},"end":{"line":5,"column":55}},"4":{"start":{"line":6,"column":16},"end":{"line":8,"column":18}},"5":{"start":{"line":10,"column":16},"end":{"line":10,"column":76}},"6":{"start":{"line":11,"column":16},"end":{"line":11,"column":47}},"7":{"start":{"line":13,"column":16},"end":{"line":13,"column":32}},"8":{"start":{"line":18,"column":20},"end":{"line":18,"column":65}},"9":{"start":{"line":19,"column":20},"end":{"line":19,"column":65}},"10":{"start":{"line":21,"column":20},"end":{"line":21,"column":101}},"11":{"start":{"line":23,"column":20},"end":{"line":23,"column":37}},"12":{"start":{"line":27,"column":20},"end":{"line":27,"column":45}},"13":{"start":{"line":31,"column":20},"end":{"line":31,"column":45}},"14":{"start":{"line":35,"column":20},"end":{"line":35,"column":45}},"15":{"start":{"line":39,"column":20},"end":{"line":39,"column":45}},"16":{"start":{"line":42,"column":20},"end":{"line":42,"column":42}},"17":{"start":{"line":43,"column":20},"end":{"line":43,"column":41}},"18":{"start":{"line":44,"column":20},"end":{"line":44,"column":41}},"19":{"start":{"line":45,"column":20},"end":{"line":45,"column":36}},"20":{"start":{"line":47,"column":20},"end":{"line":47,"column":37}},"21":{"start":{"line":51,"column":20},"end":{"line":51,"column":42}},"22":{"start":{"line":52,"column":20},"end":{"line":52,"column":41}},"23":{"start":{"line":53,"column":20},"end":{"line":53,"column":41}},"24":{"start":{"line":54,"column":20},"end":{"line":54,"column":41}},"25":{"start":{"line":55,"column":20},"end":{"line":55,"column":41}},"26":{"start":{"line":56,"column":20},"end":{"line":56,"column":41}},"27":{"start":{"line":58,"column":20},"end":{"line":58,"column":37}},"28":{"start":{"line":65,"column":20},"end":{"line":65,"column":42}},"29":{"start":{"line":66,"column":20},"end":{"line":66,"column":41}},"30":{"start":{"line":67,"column":20},"end":{"line":67,"column":35}},"31":{"start":{"line":68,"column":20},"end":{"line":68,"column":35}},"32":{"start":{"line":69,"column":20},"end":{"line":69,"column":35}},"33":{"start":{"line":70,"column":20},"end":{"line":70,"column":35}},"34":{"start":{"line":71,"column":20},"end":{"line":71,"column":35}},"35":{"start":{"line":72,"column":20},"end":{"line":72,"column":35}},"36":{"start":{"line":73,"column":20},"end":{"line":73,"column":35}},"37":{"start":{"line":74,"column":20},"end":{"line":74,"column":35}},"38":{"start":{"line":75,"column":20},"end":{"line":75,"column":35}},"39":{"start":{"line":76,"column":20},"end":{"line":76,"column":35}},"40":{"start":{"line":77,"column":20},"end":{"line":77,"column":35}},"41":{"start":{"line":78,"column":20},"end":{"line":78,"column":35}},"42":{"start":{"line":79,"column":20},"end":{"line":79,"column":35}},"43":{"start":{"line":80,"column":20},"end":{"line":80,"column":35}},"44":{"start":{"line":81,"column":20},"end":{"line":81,"column":35}},"45":{"start":{"line":82,"column":20},"end":{"line":82,"column":35}},"46":{"start":{"line":83,"column":20},"end":{"line":83,"column":35}},"47":{"start":{"line":84,"column":20},"end":{"line":84,"column":35}},"48":{"start":{"line":85,"column":20},"end":{"line":85,"column":35}},"49":{"start":{"line":86,"column":20},"end":{"line":86,"column":35}},"50":{"start":{"line":87,"column":20},"end":{"line":87,"column":35}},"51":{"start":{"line":88,"column":20},"end":{"line":88,"column":35}},"52":{"start":{"line":89,"column":20},"end":{"line":89,"column":35}},"53":{"start":{"line":90,"column":20},"end":{"line":90,"column":35}},"54":{"start":{"line":91,"column":20},"end":{"line":91,"column":35}},"55":{"start":{"line":92,"column":20},"end":{"line":92,"column":35}},"56":{"start":{"line":93,"column":20},"end":{"line":93,"column":35}},"57":{"start":{"line":94,"column":20},"end":{"line":94,"column":35}},"58":{"start":{"line":95,"column":20},"end":{"line":95,"column":35}},"59":{"start":{"line":96,"column":20},"end":{"line":96,"column":37}},"60":{"start":{"line":101,"column":20},"end":{"line":101,"column":42}},"61":{"start":{"line":102,"column":20},"end":{"line":102,"column":41}},"62":{"start":{"line":103,"column":20},"end":{"line":103,"column":35}},"63":{"start":{"line":104,"column":20},"end":{"line":104,"column":35}},"64":{"start":{"line":105,"column":20},"end":{"line":105,"column":35}},"65":{"start":{"line":106,"column":20},"end":{"line":106,"column":35}},"66":{"start":{"line":107,"column":20},"end":{"line":107,"column":35}},"67":{"start":{"line":108,"column":20},"end":{"line":108,"column":35}},"68":{"start":{"line":109,"column":20},"end":{"line":109,"column":35}},"69":{"start":{"line":110,"column":20},"end":{"line":110,"column":35}},"70":{"start":{"line":111,"column":20},"end":{"line":111,"column":35}},"71":{"start":{"line":112,"column":20},"end":{"line":112,"column":35}},"72":{"start":{"line":113,"column":20},"end":{"line":113,"column":35}},"73":{"start":{"line":114,"column":20},"end":{"line":114,"column":35}},"74":{"start":{"line":115,"column":20},"end":{"line":115,"column":35}},"75":{"start":{"line":116,"column":20},"end":{"line":116,"column":35}},"76":{"start":{"line":117,"column":20},"end":{"line":117,"column":35}},"77":{"start":{"line":118,"column":20},"end":{"line":118,"column":35}},"78":{"start":{"line":119,"column":20},"end":{"line":119,"column":35}},"79":{"start":{"line":120,"column":20},"end":{"line":120,"column":35}},"80":{"start":{"line":121,"column":20},"end":{"line":121,"column":35}},"81":{"start":{"line":122,"column":20},"end":{"line":122,"column":35}},"82":{"start":{"line":123,"column":20},"end":{"line":123,"column":35}},"83":{"start":{"line":124,"column":20},"end":{"line":124,"column":35}},"84":{"start":{"line":125,"column":20},"end":{"line":125,"column":35}},"85":{"start":{"line":126,"column":20},"end":{"line":126,"column":35}},"86":{"start":{"line":127,"column":20},"end":{"line":127,"column":35}},"87":{"start":{"line":128,"column":20},"end":{"line":128,"column":35}},"88":{"start":{"line":129,"column":20},"end":{"line":129,"column":35}},"89":{"start":{"line":130,"column":20},"end":{"line":130,"column":35}},"90":{"start":{"line":131,"column":20},"end":{"line":131,"column":35}},"91":{"start":{"line":132,"column":20},"end":{"line":132,"column":37}},"92":{"start":{"line":137,"column":20},"end":{"line":137,"column":42}},"93":{"start":{"line":138,"column":20},"end":{"line":138,"column":41}},"94":{"start":{"line":139,"column":20},"end":{"line":139,"column":35}},"95":{"start":{"line":140,"column":20},"end":{"line":140,"column":35}},"96":{"start":{"line":141,"column":20},"end":{"line":141,"column":35}},"97":{"start":{"line":142,"column":20},"end":{"line":142,"column":35}},"98":{"start":{"line":143,"column":20},"end":{"line":143,"column":35}},"99":{"start":{"line":144,"column":20},"end":{"line":144,"column":35}},"100":{"start":{"line":145,"column":20},"end":{"line":145,"column":35}},"101":{"start":{"line":146,"column":20},"end":{"line":146,"column":35}},"102":{"start":{"line":147,"column":20},"end":{"line":147,"column":35}},"103":{"start":{"line":148,"column":20},"end":{"line":148,"column":35}},"104":{"start":{"line":149,"column":20},"end":{"line":149,"column":35}},"105":{"start":{"line":150,"column":20},"end":{"line":150,"column":35}},"106":{"start":{"line":151,"column":20},"end":{"line":151,"column":35}},"107":{"start":{"line":152,"column":20},"end":{"line":152,"column":35}},"108":{"start":{"line":153,"column":20},"end":{"line":153,"column":35}},"109":{"start":{"line":154,"column":20},"end":{"line":154,"column":35}},"110":{"start":{"line":155,"column":20},"end":{"line":155,"column":35}},"111":{"start":{"line":156,"column":20},"end":{"line":156,"column":35}},"112":{"start":{"line":157,"column":20},"end":{"line":157,"column":35}},"113":{"start":{"line":158,"column":20},"end":{"line":158,"column":35}},"114":{"start":{"line":159,"column":20},"end":{"line":159,"column":35}},"115":{"start":{"line":160,"column":20},"end":{"line":160,"column":35}},"116":{"start":{"line":161,"column":20},"end":{"line":161,"column":35}},"117":{"start":{"line":162,"column":20},"end":{"line":162,"column":35}},"118":{"start":{"line":163,"column":20},"end":{"line":163,"column":35}},"119":{"start":{"line":164,"column":20},"end":{"line":164,"column":35}},"120":{"start":{"line":165,"column":20},"end":{"line":165,"column":35}},"121":{"start":{"line":166,"column":20},"end":{"line":166,"column":35}},"122":{"start":{"line":167,"column":20},"end":{"line":167,"column":35}},"123":{"start":{"line":168,"column":20},"end":{"line":168,"column":37}},"124":{"start":{"line":173,"column":20},"end":{"line":173,"column":42}},"125":{"start":{"line":174,"column":20},"end":{"line":174,"column":41}},"126":{"start":{"line":175,"column":20},"end":{"line":175,"column":35}},"127":{"start":{"line":176,"column":20},"end":{"line":176,"column":35}},"128":{"start":{"line":177,"column":20},"end":{"line":177,"column":35}},"129":{"start":{"line":178,"column":20},"end":{"line":178,"column":35}},"130":{"start":{"line":179,"column":20},"end":{"line":179,"column":35}},"131":{"start":{"line":180,"column":20},"end":{"line":180,"column":35}},"132":{"start":{"line":181,"column":20},"end":{"line":181,"column":35}},"133":{"start":{"line":182,"column":20},"end":{"line":182,"column":35}},"134":{"start":{"line":183,"column":20},"end":{"line":183,"column":35}},"135":{"start":{"line":184,"column":20},"end":{"line":184,"column":35}},"136":{"start":{"line":185,"column":20},"end":{"line":185,"column":35}},"137":{"start":{"line":186,"column":20},"end":{"line":186,"column":35}},"138":{"start":{"line":187,"column":20},"end":{"line":187,"column":35}},"139":{"start":{"line":188,"column":20},"end":{"line":188,"column":35}},"140":{"start":{"line":189,"column":20},"end":{"line":189,"column":35}},"141":{"start":{"line":190,"column":20},"end":{"line":190,"column":35}},"142":{"start":{"line":191,"column":20},"end":{"line":191,"column":35}},"143":{"start":{"line":192,"column":20},"end":{"line":192,"column":35}},"144":{"start":{"line":193,"column":20},"end":{"line":193,"column":35}},"145":{"start":{"line":194,"column":20},"end":{"line":194,"column":35}},"146":{"start":{"line":195,"column":20},"end":{"line":195,"column":35}},"147":{"start":{"line":196,"column":20},"end":{"line":196,"column":35}},"148":{"start":{"line":197,"column":20},"end":{"line":197,"column":35}},"149":{"start":{"line":198,"column":20},"end":{"line":198,"column":35}},"150":{"start":{"line":199,"column":20},"end":{"line":199,"column":35}},"151":{"start":{"line":200,"column":20},"end":{"line":200,"column":35}},"152":{"start":{"line":201,"column":20},"end":{"line":201,"column":35}},"153":{"start":{"line":202,"column":20},"end":{"line":202,"column":35}},"154":{"start":{"line":203,"column":20},"end":{"line":203,"column":35}},"155":{"start":{"line":204,"column":20},"end":{"line":204,"column":37}},"156":{"start":{"line":209,"column":20},"end":{"line":209,"column":42}},"157":{"start":{"line":210,"column":20},"end":{"line":210,"column":41}},"158":{"start":{"line":211,"column":20},"end":{"line":211,"column":35}},"159":{"start":{"line":212,"column":20},"end":{"line":212,"column":35}},"160":{"start":{"line":213,"column":20},"end":{"line":213,"column":35}},"161":{"start":{"line":214,"column":20},"end":{"line":214,"column":35}},"162":{"start":{"line":215,"column":20},"end":{"line":215,"column":35}},"163":{"start":{"line":216,"column":20},"end":{"line":216,"column":35}},"164":{"start":{"line":217,"column":20},"end":{"line":217,"column":35}},"165":{"start":{"line":218,"column":20},"end":{"line":218,"column":35}},"166":{"start":{"line":219,"column":20},"end":{"line":219,"column":35}},"167":{"start":{"line":220,"column":20},"end":{"line":220,"column":35}},"168":{"start":{"line":221,"column":20},"end":{"line":221,"column":35}},"169":{"start":{"line":222,"column":20},"end":{"line":222,"column":35}},"170":{"start":{"line":223,"column":20},"end":{"line":223,"column":35}},"171":{"start":{"line":224,"column":20},"end":{"line":224,"column":35}},"172":{"start":{"line":225,"column":20},"end":{"line":225,"column":35}},"173":{"start":{"line":226,"column":20},"end":{"line":226,"column":35}},"174":{"start":{"line":227,"column":20},"end":{"line":227,"column":35}},"175":{"start":{"line":228,"column":20},"end":{"line":228,"column":35}},"176":{"start":{"line":229,"column":20},"end":{"line":229,"column":35}},"177":{"start":{"line":230,"column":20},"end":{"line":230,"column":35}},"178":{"start":{"line":231,"column":20},"end":{"line":231,"column":35}},"179":{"start":{"line":232,"column":20},"end":{"line":232,"column":35}},"180":{"start":{"line":233,"column":20},"end":{"line":233,"column":35}},"181":{"start":{"line":234,"column":20},"end":{"line":234,"column":35}},"182":{"start":{"line":235,"column":20},"end":{"line":235,"column":35}},"183":{"start":{"line":236,"column":20},"end":{"line":236,"column":35}},"184":{"start":{"line":237,"column":20},"end":{"line":237,"column":35}},"185":{"start":{"line":238,"column":20},"end":{"line":238,"column":35}},"186":{"start":{"line":239,"column":20},"end":{"line":239,"column":35}},"187":{"start":{"line":240,"column":20},"end":{"line":240,"column":37}},"188":{"start":{"line":245,"column":20},"end":{"line":245,"column":42}},"189":{"start":{"line":246,"column":20},"end":{"line":246,"column":41}},"190":{"start":{"line":247,"column":20},"end":{"line":247,"column":35}},"191":{"start":{"line":248,"column":20},"end":{"line":248,"column":35}},"192":{"start":{"line":249,"column":20},"end":{"line":249,"column":35}},"193":{"start":{"line":250,"column":20},"end":{"line":250,"column":35}},"194":{"start":{"line":251,"column":20},"end":{"line":251,"column":35}},"195":{"start":{"line":252,"column":20},"end":{"line":252,"column":35}},"196":{"start":{"line":253,"column":20},"end":{"line":253,"column":35}},"197":{"start":{"line":254,"column":20},"end":{"line":254,"column":35}},"198":{"start":{"line":255,"column":20},"end":{"line":255,"column":35}},"199":{"start":{"line":256,"column":20},"end":{"line":256,"column":35}},"200":{"start":{"line":257,"column":20},"end":{"line":257,"column":35}},"201":{"start":{"line":258,"column":20},"end":{"line":258,"column":35}},"202":{"start":{"line":259,"column":20},"end":{"line":259,"column":35}},"203":{"start":{"line":260,"column":20},"end":{"line":260,"column":35}},"204":{"start":{"line":261,"column":20},"end":{"line":261,"column":35}},"205":{"start":{"line":262,"column":20},"end":{"line":262,"column":35}},"206":{"start":{"line":263,"column":20},"end":{"line":263,"column":35}},"207":{"start":{"line":264,"column":20},"end":{"line":264,"column":35}},"208":{"start":{"line":265,"column":20},"end":{"line":265,"column":35}},"209":{"start":{"line":266,"column":20},"end":{"line":266,"column":35}},"210":{"start":{"line":267,"column":20},"end":{"line":267,"column":35}},"211":{"start":{"line":268,"column":20},"end":{"line":268,"column":35}},"212":{"start":{"line":269,"column":20},"end":{"line":269,"column":35}},"213":{"start":{"line":270,"column":20},"end":{"line":270,"column":35}},"214":{"start":{"line":271,"column":20},"end":{"line":271,"column":35}},"215":{"start":{"line":272,"column":20},"end":{"line":272,"column":35}},"216":{"start":{"line":273,"column":20},"end":{"line":273,"column":35}},"217":{"start":{"line":274,"column":20},"end":{"line":274,"column":35}},"218":{"start":{"line":275,"column":20},"end":{"line":275,"column":35}},"219":{"start":{"line":276,"column":20},"end":{"line":276,"column":37}},"220":{"start":{"line":280,"column":20},"end":{"line":282,"column":21}},"221":{"start":{"line":281,"column":24},"end":{"line":281,"column":53}},"222":{"start":{"line":284,"column":20},"end":{"line":284,"column":31}},"223":{"start":{"line":288,"column":20},"end":{"line":292,"column":22}},"224":{"start":{"line":294,"column":20},"end":{"line":294,"column":88}},"225":{"start":{"line":295,"column":20},"end":{"line":295,"column":88}},"226":{"start":{"line":297,"column":20},"end":{"line":297,"column":38}},"227":{"start":{"line":303,"column":20},"end":{"line":303,"column":45}},"228":{"start":{"line":307,"column":20},"end":{"line":307,"column":45}},"229":{"start":{"line":311,"column":20},"end":{"line":311,"column":48}},"230":{"start":{"line":315,"column":20},"end":{"line":315,"column":51}},"231":{"start":{"line":319,"column":20},"end":{"line":319,"column":47}},"232":{"start":{"line":325,"column":20},"end":{"line":325,"column":86}},"233":{"start":{"line":326,"column":20},"end":{"line":326,"column":83}},"234":{"start":{"line":327,"column":20},"end":{"line":327,"column":80}},"235":{"start":{"line":329,"column":20},"end":{"line":329,"column":67}},"236":{"start":{"line":334,"column":1},"end":{"line":334,"column":19}}},"branchMap":{"1":{"line":280,"type":"if","locations":[{"start":{"line":280,"column":20},"end":{"line":280,"column":20}},{"start":{"line":280,"column":20},"end":{"line":280,"column":20}}]},"2":{"line":280,"type":"binary-expr","locations":[{"start":{"line":280,"column":24},"end":{"line":280,"column":33}},{"start":{"line":280,"column":37},"end":{"line":280,"column":53}}]}}}}